2024-11-27T15:14:53.612324Z DEBUG client: Sending entries to replicate
2024-11-27T15:14:53.613275Z TRACE server{id=4}:leader👑: "Append entries client request"
2024-11-27T15:14:53.613960Z TRACE server{id=4}:leader👑:handle_append_entries_client_request: Received a client message, replicating it
2024-11-27T15:14:53.761728Z TRACE server{id=4}:leader👑: Sending 1 entries to follower
2024-11-27T15:14:53.762368Z TRACE server{id=4}:leader👑: Sending 0 entries to follower
2024-11-27T15:14:53.762430Z TRACE server{id=1}:follower: "Append entries request"
2024-11-27T15:14:53.762927Z TRACE server{id=4}:leader👑: Sending 1 entries to follower
2024-11-27T15:14:53.763065Z TRACE server{id=2}:follower: "Append entries request"
2024-11-27T15:14:53.763539Z TRACE server{id=1}:follower:handle_append_entries_request: leader commit is greater than follower commit, updating commit index
2024-11-27T15:14:53.764177Z TRACE server{id=4}:leader👑: Sending 1 entries to follower
2024-11-27T15:14:53.764220Z TRACE server{id=3}:follower: "Append entries request"
2024-11-27T15:14:53.764830Z TRACE server{id=2}:follower:handle_append_entries_request: previous log index = 13, log length: 12: ignoring
2024-11-27T15:14:53.765463Z TRACE server{id=1}:follower:handle_append_entries_request: previous log index = 12, log length: 13: ignoring
2024-11-27T15:14:53.766283Z TRACE server{id=0}:follower: "Append entries request"
2024-11-27T15:14:53.766836Z TRACE server{id=3}:follower:handle_append_entries_request: leader commit is greater than follower commit, updating commit index
2024-11-27T15:14:53.767554Z TRACE server{id=4}:leader👑: "Append entries reply"
2024-11-27T15:14:53.768124Z DEBUG server{id=1}:follower:handle_append_entries_request:commit_log_entries_up_to_commit_index{self.last_applied=11 self.commit_index=12}: Applying log entry 12
2024-11-27T15:14:53.768619Z TRACE server{id=0}:follower:handle_append_entries_request: leader commit is greater than follower commit, updating commit index
2024-11-27T15:14:53.768844Z TRACE server{id=3}:follower:handle_append_entries_request: previous log index = 12, log length: 13: ignoring
2024-11-27T15:14:53.769446Z TRACE server{id=1}:follower:handle_append_entries_request:commit_log_entries_up_to_commit_index{self.last_applied=11 self.commit_index=12}: State machine size: 5
2024-11-27T15:14:53.769678Z TRACE server{id=0}:follower:handle_append_entries_request: previous log index = 12, log length: 13: ignoring
2024-11-27T15:14:53.769922Z DEBUG server{id=3}:follower:handle_append_entries_request:commit_log_entries_up_to_commit_index{self.last_applied=11 self.commit_index=12}: Applying log entry 12
2024-11-27T15:14:53.770286Z TRACE server{id=4}:leader👑: "Append entries reply"
2024-11-27T15:14:53.770481Z DEBUG server{id=0}:follower:handle_append_entries_request:commit_log_entries_up_to_commit_index{self.last_applied=11 self.commit_index=12}: Applying log entry 12
2024-11-27T15:14:53.770755Z TRACE server{id=3}:follower:handle_append_entries_request:commit_log_entries_up_to_commit_index{self.last_applied=11 self.commit_index=12}: State machine size: 5
2024-11-27T15:14:53.771022Z TRACE server{id=4}:leader👑:handle_append_entries_reply: ----> match idx: 13, next idx: 14
2024-11-27T15:14:53.771714Z TRACE server{id=0}:follower:handle_append_entries_request:commit_log_entries_up_to_commit_index{self.last_applied=11 self.commit_index=12}: State machine size: 5
2024-11-27T15:14:53.773268Z DEBUG server{id=4}:leader👑:handle_append_entries_reply:commit_log_entries_up_to_commit_index{self.last_applied=12 self.commit_index=13}: Applying log entry 13
2024-11-27T15:14:53.775548Z TRACE server{id=4}:leader👑:handle_append_entries_reply:commit_log_entries_up_to_commit_index{self.last_applied=12 self.commit_index=13}: State machine size: 5
2024-11-27T15:14:53.776311Z TRACE server{id=4}:leader👑: "Append entries reply"
2024-11-27T15:14:53.776320Z DEBUG client: ✅ Recieved confirmation of successful entry replication
2024-11-27T15:14:53.776602Z TRACE server{id=4}:leader👑:handle_append_entries_reply: ----> match idx: 13, next idx: 14
2024-11-27T15:14:53.777074Z TRACE server{id=4}:leader👑: "Append entries reply"
2024-11-27T15:14:53.777319Z TRACE server{id=4}:leader👑:handle_append_entries_reply: ----> match idx: 13, next idx: 14
2024-11-27T15:14:54.176563Z TRACE server{id=4}:leader👑: Sending 0 entries to follower
2024-11-27T15:14:54.177281Z TRACE server{id=4}:leader👑: Sending 0 entries to follower
2024-11-27T15:14:54.177403Z TRACE server{id=1}:follower: "Append entries request"
2024-11-27T15:14:54.178714Z TRACE server{id=1}:follower:handle_append_entries_request: leader commit is greater than follower commit, updating commit index
2024-11-27T15:14:54.178274Z TRACE server{id=3}:follower: "Append entries request"
2024-11-27T15:14:54.178207Z TRACE server{id=4}:leader👑: Sending 0 entries to follower
2024-11-27T15:14:54.179308Z TRACE server{id=1}:follower:handle_append_entries_request: previous log index = 13, log length: 13: ignoring
2024-11-27T15:14:54.179977Z TRACE server{id=3}:follower:handle_append_entries_request: leader commit is greater than follower commit, updating commit index
2024-11-27T15:14:54.181793Z TRACE server{id=3}:follower:handle_append_entries_request: previous log index = 13, log length: 13: ignoring
2024-11-27T15:14:54.182436Z DEBUG server{id=3}:follower:handle_append_entries_request:commit_log_entries_up_to_commit_index{self.last_applied=12 self.commit_index=13}: Applying log entry 13
2024-11-27T15:14:54.181166Z DEBUG server{id=1}:follower:handle_append_entries_request:commit_log_entries_up_to_commit_index{self.last_applied=12 self.commit_index=13}: Applying log entry 13
2024-11-27T15:14:54.183206Z TRACE server{id=1}:follower:handle_append_entries_request:commit_log_entries_up_to_commit_index{self.last_applied=12 self.commit_index=13}: State machine size: 5
2024-11-27T15:14:54.180735Z TRACE server{id=0}:follower: "Append entries request"
2024-11-27T15:14:54.182805Z TRACE server{id=3}:follower:handle_append_entries_request:commit_log_entries_up_to_commit_index{self.last_applied=12 self.commit_index=13}: State machine size: 5
2024-11-27T15:14:54.180683Z TRACE server{id=4}:leader👑: Sending 1 entries to follower
2024-11-27T15:14:54.184270Z TRACE server{id=0}:follower:handle_append_entries_request: leader commit is greater than follower commit, updating commit index
2024-11-27T15:14:54.185051Z TRACE server{id=4}:leader👑: "Append entries reply"
2024-11-27T15:14:54.185073Z TRACE server{id=2}:follower: "Append entries request"
2024-11-27T15:14:54.185288Z TRACE server{id=0}:follower:handle_append_entries_request: previous log index = 13, log length: 13: ignoring
2024-11-27T15:14:54.185571Z TRACE server{id=4}:leader👑:handle_append_entries_reply: ----> match idx: 13, next idx: 14
2024-11-27T15:14:54.185871Z TRACE server{id=2}:follower:handle_append_entries_request: leader commit is greater than follower commit, updating commit index
2024-11-27T15:14:54.186098Z DEBUG server{id=0}:follower:handle_append_entries_request:commit_log_entries_up_to_commit_index{self.last_applied=12 self.commit_index=13}: Applying log entry 13
2024-11-27T15:14:54.186541Z TRACE server{id=4}:leader👑: "Append entries reply"
2024-11-27T15:14:54.186840Z TRACE server{id=2}:follower:handle_append_entries_request: previous log index = 12, log length: 13: ignoring
2024-11-27T15:14:54.187535Z TRACE server{id=0}:follower:handle_append_entries_request:commit_log_entries_up_to_commit_index{self.last_applied=12 self.commit_index=13}: State machine size: 5
2024-11-27T15:14:54.188196Z TRACE server{id=4}:leader👑:handle_append_entries_reply: ----> match idx: 13, next idx: 14
2024-11-27T15:14:54.188753Z DEBUG server{id=2}:follower:handle_append_entries_request:commit_log_entries_up_to_commit_index{self.last_applied=11 self.commit_index=13}: Applying log entry 12
2024-11-27T15:14:54.190264Z TRACE server{id=4}:leader👑: "Append entries reply"
2024-11-27T15:14:54.190589Z TRACE server{id=2}:follower:handle_append_entries_request:commit_log_entries_up_to_commit_index{self.last_applied=11 self.commit_index=13}: State machine size: 5
2024-11-27T15:14:54.190824Z TRACE server{id=4}:leader👑:handle_append_entries_reply: ----> match idx: 13, next idx: 14
2024-11-27T15:14:54.191157Z DEBUG server{id=2}:follower:handle_append_entries_request:commit_log_entries_up_to_commit_index{self.last_applied=11 self.commit_index=13}: Applying log entry 13
2024-11-27T15:14:54.191712Z TRACE server{id=2}:follower:handle_append_entries_request:commit_log_entries_up_to_commit_index{self.last_applied=11 self.commit_index=13}: State machine size: 5
2024-11-27T15:14:54.192061Z TRACE server{id=4}:leader👑: "Append entries reply"
2024-11-27T15:14:54.192287Z TRACE server{id=4}:leader👑:handle_append_entries_reply: ----> match idx: 14, next idx: 15
2024-11-27T15:14:54.581754Z TRACE server{id=4}:leader👑: Sending 0 entries to follower
2024-11-27T15:14:54.582780Z TRACE server{id=4}:leader👑: Sending 0 entries to follower
2024-11-27T15:14:54.583358Z TRACE server{id=1}:follower: "Append entries request"
2024-11-27T15:14:54.582874Z TRACE server{id=3}:follower: "Append entries request"
2024-11-27T15:14:54.584000Z TRACE server{id=4}:leader👑: "Append entries reply"
2024-11-27T15:14:54.585267Z TRACE server{id=4}:leader👑:handle_append_entries_reply: ----> match idx: 13, next idx: 14
2024-11-27T15:14:54.586221Z TRACE server{id=4}:leader👑: "Append entries reply"
2024-11-27T15:14:54.586860Z TRACE server{id=4}:leader👑:handle_append_entries_reply: ----> match idx: 13, next idx: 14
2024-11-27T15:14:54.589761Z TRACE server{id=4}:leader👑: Sending 0 entries to follower
2024-11-27T15:14:54.590298Z TRACE server{id=0}:follower: "Append entries request"
2024-11-27T15:14:54.590722Z TRACE server{id=4}:leader👑: "Append entries reply"
2024-11-27T15:14:54.591175Z TRACE server{id=4}:leader👑:handle_append_entries_reply: ----> match idx: 13, next idx: 14
thread 'tokio-runtime-worker' panicked at C:\Users\Francesco Piazzi\Scuola\Uni\Terzo anno\Tesi\raft\src\leader.rs:110:43:
range start index 14 out of range for slice of length 13
note: run with `RUST_BACKTRACE=1` environment variable to display a backtrace