2024-11-25T09:57:47.607133Z  INFO server{id=0}: 43: new
2024-11-25T09:57:47.607360Z  INFO server{id=1}: 43: new
2024-11-25T09:57:47.607415Z TRACE server{id=0}: 36: obtaining peer references      
2024-11-25T09:57:47.607508Z  INFO server{id=2}: 43: new
2024-11-25T09:57:47.607562Z TRACE server{id=1}: 36: obtaining peer references      
2024-11-25T09:57:47.607773Z  INFO server{id=3}: 43: new
2024-11-25T09:57:47.607772Z TRACE server{id=2}: 36: obtaining peer references      
2024-11-25T09:57:47.607996Z  INFO server{id=4}: 43: new
2024-11-25T09:57:47.607999Z TRACE server{id=3}: 36: obtaining peer references      
2024-11-25T09:57:47.608220Z TRACE server{id=4}: 36: obtaining peer references      
2024-11-25T09:57:47.608279Z TRACE server{id=1}: 41: peer=AddPeer { peer_id: 0, .. }
2024-11-25T09:57:47.608278Z TRACE server{id=0}: 41: peer=AddPeer { peer_id: 1, .. }
2024-11-25T09:57:47.608295Z TRACE server{id=2}: 41: peer=AddPeer { peer_id: 0, .. }
2024-11-25T09:57:47.608898Z TRACE server{id=2}: 41: peer=AddPeer { peer_id: 1, .. }
2024-11-25T09:57:47.608491Z TRACE server{id=4}: 41: peer=AddPeer { peer_id: 0, .. }
2024-11-25T09:57:47.608626Z TRACE server{id=1}: 41: peer=AddPeer { peer_id: 2, .. }
2024-11-25T09:57:47.608757Z TRACE server{id=0}: 41: peer=AddPeer { peer_id: 2, .. }
2024-11-25T09:57:47.608360Z TRACE server{id=3}: 41: peer=AddPeer { peer_id: 0, .. }
2024-11-25T09:57:47.609057Z TRACE server{id=2}: 41: peer=AddPeer { peer_id: 3, .. }
2024-11-25T09:57:47.609214Z TRACE server{id=4}: 41: peer=AddPeer { peer_id: 1, .. }
2024-11-25T09:57:47.609337Z TRACE server{id=1}: 41: peer=AddPeer { peer_id: 3, .. }
2024-11-25T09:57:47.609490Z TRACE server{id=0}: 41: peer=AddPeer { peer_id: 3, .. }
2024-11-25T09:57:47.610249Z TRACE server{id=0}: 41: peer=AddPeer { peer_id: 4, .. }
2024-11-25T09:57:47.609824Z TRACE server{id=2}: 41: peer=AddPeer { peer_id: 4, .. }
2024-11-25T09:57:47.609989Z TRACE server{id=4}: 41: peer=AddPeer { peer_id: 2, .. }
2024-11-25T09:57:47.610114Z TRACE server{id=1}: 41: peer=AddPeer { peer_id: 4, .. }
2024-11-25T09:57:47.609653Z TRACE server{id=3}: 41: peer=AddPeer { peer_id: 1, .. }
2024-11-25T09:57:47.610416Z  INFO server{id=0}:follower: 64: new
2024-11-25T09:57:47.610537Z  INFO server{id=2}:follower: 64: new
2024-11-25T09:57:47.610658Z TRACE server{id=4}: 41: peer=AddPeer { peer_id: 3, .. }
2024-11-25T09:57:47.611325Z  INFO server{id=1}:follower: 64: new
2024-11-25T09:57:47.611518Z TRACE server{id=3}: 41: peer=AddPeer { peer_id: 2, .. }
2024-11-25T09:57:47.612320Z  INFO server{id=4}:follower: 64: new
2024-11-25T09:57:47.612802Z TRACE server{id=3}: 41: peer=AddPeer { peer_id: 4, .. }
2024-11-25T09:57:47.613464Z  INFO server{id=3}:follower: 64: new
2024-11-25T09:57:48.232525Z TRACE server{id=2}:follower: 37: election timeout
2024-11-25T09:57:48.232539Z TRACE server{id=0}:follower: 37: election timeout
2024-11-25T09:57:48.233207Z  INFO server{id=2}:follower: 64: close time.busy=814µs time.idle=622ms
2024-11-25T09:57:48.233984Z  INFO server{id=0}:follower: 64: close time.busy=1.77ms time.idle=622ms
2024-11-25T09:57:48.235595Z TRACE server{id=0}: 67: transition: follower → candidate
2024-11-25T09:57:48.234860Z TRACE server{id=2}: 67: transition: follower → candidate
2024-11-25T09:57:48.236319Z  INFO server{id=0}:candidate: 69: new
2024-11-25T09:57:48.236950Z  INFO server{id=2}:candidate: 69: new
2024-11-25T09:57:48.237822Z TRACE server{id=0}:candidate: 37: starting a new election
2024-11-25T09:57:48.238302Z TRACE server{id=2}:candidate: 37: starting a new election
2024-11-25T09:57:48.239003Z TRACE server{id=4}:follower: 42: "Request vote request"
2024-11-25T09:57:48.239094Z TRACE server{id=1}:follower: 42: "Request vote request"
2024-11-25T09:57:48.239127Z TRACE server{id=3}:follower: 42: "Request vote request"
2024-11-25T09:57:48.239427Z TRACE server{id=2}:candidate: 63: "Request vote request"
2024-11-25T09:57:48.239788Z TRACE server{id=4}:follower:handle_vote_request: 154: new
2024-11-25T09:57:48.240039Z TRACE server{id=1}:follower:handle_vote_request: 154: new
2024-11-25T09:57:48.240253Z TRACE server{id=3}:follower:handle_vote_request: 154: new
2024-11-25T09:57:48.240503Z TRACE server{id=0}:candidate: 63: "Request vote request"
2024-11-25T09:57:48.240683Z TRACE server{id=4}:follower:handle_vote_request: 167: vote_granted=true
2024-11-25T09:57:48.240895Z TRACE server{id=1}:follower:handle_vote_request: 167: vote_granted=true
2024-11-25T09:57:48.241099Z TRACE server{id=3}:follower:handle_vote_request: 167: vote_granted=true
2024-11-25T09:57:48.241546Z TRACE server{id=4}:follower:handle_vote_request: 154: close time.busy=870µs time.idle=904µs
2024-11-25T09:57:48.241786Z TRACE server{id=1}:follower:handle_vote_request: 154: close time.busy=888µs time.idle=861µs
2024-11-25T09:57:48.242265Z TRACE server{id=3}:follower:handle_vote_request: 154: close time.busy=1.16ms time.idle=848µs
2024-11-25T09:57:48.242825Z TRACE server{id=4}:follower: 42: "Request vote request"
2024-11-25T09:57:48.243476Z TRACE server{id=1}:follower: 42: "Request vote request"
2024-11-25T09:57:48.245106Z TRACE server{id=3}:follower: 42: "Request vote request"
2024-11-25T09:57:48.245991Z TRACE server{id=4}:follower:handle_vote_request: 154: new
2024-11-25T09:57:48.246500Z TRACE server{id=1}:follower:handle_vote_request: 154: new
2024-11-25T09:57:48.246924Z TRACE server{id=3}:follower:handle_vote_request: 154: new
2024-11-25T09:57:48.247230Z TRACE server{id=4}:follower:handle_vote_request: 167: vote_granted=true
2024-11-25T09:57:48.247515Z TRACE server{id=1}:follower:handle_vote_request: 167: vote_granted=true
2024-11-25T09:57:48.247802Z TRACE server{id=3}:follower:handle_vote_request: 167: vote_granted=true
2024-11-25T09:57:48.248072Z TRACE server{id=4}:follower:handle_vote_request: 154: close time.busy=844µs time.idle=1.25ms
2024-11-25T09:57:48.248154Z TRACE server{id=0}:candidate: 63: "Request vote reply"
2024-11-25T09:57:48.248373Z TRACE server{id=1}:follower:handle_vote_request: 154: close time.busy=856µs time.idle=1.02ms
2024-11-25T09:57:48.248818Z TRACE server{id=3}:follower:handle_vote_request: 154: close time.busy=1.01ms time.idle=878µs
2024-11-25T09:57:48.249527Z TRACE server{id=2}:candidate: 63: "Request vote reply"
2024-11-25T09:57:48.250184Z TRACE server{id=0}:candidate: 63: "Request vote reply"
2024-11-25T09:57:48.251321Z TRACE server{id=2}:candidate: 63: "Request vote reply"
2024-11-25T09:57:48.251629Z TRACE server{id=0}:candidate: 63: "Request vote reply"
2024-11-25T09:57:48.251833Z TRACE server{id=2}:candidate: 63: "Request vote reply"
2024-11-25T09:57:48.252167Z  INFO server{id=0}:candidate: 69: close time.busy=6.06ms time.idle=9.78ms
2024-11-25T09:57:48.252356Z  INFO server{id=2}:candidate: 69: close time.busy=5.02ms time.idle=10.4ms
2024-11-25T09:57:48.252705Z TRACE server{id=0}: 73: transition: candidate → leader
2024-11-25T09:57:48.253002Z TRACE server{id=2}: 73: transition: candidate → leader
2024-11-25T09:57:48.253353Z  INFO server{id=0}:leader👑: 75: new
2024-11-25T09:57:48.253972Z  INFO server{id=2}:leader👑: 75: new
2024-11-25T09:57:48.665479Z TRACE server{id=0}:leader👑: 110: Sending 0 entries to follower
2024-11-25T09:57:48.665490Z TRACE server{id=2}:leader👑: 110: Sending 0 entries to follower
2024-11-25T09:57:48.666240Z TRACE server{id=0}:leader👑: 110: Sending 0 entries to follower
2024-11-25T09:57:48.667770Z TRACE server{id=0}:leader👑: 110: Sending 0 entries to follower
2024-11-25T09:57:48.667215Z TRACE server{id=3}:follower: 42: "Append entries request"
2024-11-25T09:57:48.667064Z TRACE server{id=2}:leader👑: 110: Sending 0 entries to follower
2024-11-25T09:57:48.667850Z TRACE server{id=1}:follower: 42: "Append entries request"
2024-11-25T09:57:48.668337Z TRACE server{id=0}:leader👑: 110: Sending 0 entries to follower
2024-11-25T09:57:48.668509Z TRACE server{id=4}:follower: 42: "Append entries request"
2024-11-25T09:57:48.668993Z TRACE server{id=3}:follower:handle_append_entries_request: 61: new
2024-11-25T09:57:48.669670Z TRACE server{id=2}:leader👑: 110: Sending 0 entries to follower
2024-11-25T09:57:48.672532Z TRACE server{id=2}:leader👑: 110: Sending 0 entries to follower
2024-11-25T09:57:48.671361Z TRACE server{id=4}:follower:handle_append_entries_request: 61: new
2024-11-25T09:57:48.671934Z TRACE server{id=3}:follower:handle_append_entries_request: 89: previous term = 0, new term = 1
2024-11-25T09:57:48.670321Z TRACE server{id=1}:follower:handle_append_entries_request: 61: new
2024-11-25T09:57:48.672620Z TRACE server{id=0}:leader👑: 142: "Append entries request"
2024-11-25T09:57:48.673079Z TRACE server{id=2}:leader👑: 142: "Append entries request"
2024-11-25T09:57:48.673439Z TRACE server{id=4}:follower:handle_append_entries_request: 89: previous term = 0, new term = 1
2024-11-25T09:57:48.673769Z TRACE server{id=3}:follower:handle_append_entries_request: 61: close time.busy=1.87ms time.idle=2.91ms
2024-11-25T09:57:48.674151Z TRACE server{id=1}:follower:handle_append_entries_request: 89: previous term = 0, new term = 1
2024-11-25T09:57:48.674381Z TRACE server{id=0}:leader👑: 68: step down
2024-11-25T09:57:48.674628Z TRACE server{id=2}:leader👑: 68: step down
2024-11-25T09:57:48.674950Z TRACE server{id=4}:follower:handle_append_entries_request: 61: close time.busy=1.51ms time.idle=2.08ms
2024-11-25T09:57:48.675210Z TRACE server{id=3}:follower: 42: "Append entries request"
2024-11-25T09:57:48.675447Z TRACE server{id=1}:follower:handle_append_entries_request: 61: close time.busy=1.30ms time.idle=3.83ms
2024-11-25T09:57:48.675693Z  INFO server{id=0}:leader👑: 75: close time.busy=8.79ms time.idle=414ms
2024-11-25T09:57:48.675994Z  INFO server{id=2}:leader👑: 75: close time.busy=10.7ms time.idle=411ms
2024-11-25T09:57:48.676312Z TRACE server{id=4}:follower: 42: "Append entries request"
2024-11-25T09:57:48.676522Z TRACE server{id=3}:follower:handle_append_entries_request: 61: new
2024-11-25T09:57:48.676775Z TRACE server{id=1}:follower: 42: "Append entries request"
2024-11-25T09:57:48.676994Z  INFO server{id=0}:follower: 64: new
2024-11-25T09:57:48.677224Z  INFO server{id=2}:follower: 64: new
2024-11-25T09:57:48.677387Z TRACE server{id=4}:follower:handle_append_entries_request: 61: new
2024-11-25T09:57:48.677612Z TRACE server{id=3}:follower:handle_append_entries_request: 61: close time.busy=10.1µs time.idle=1.08ms
2024-11-25T09:57:48.677789Z TRACE server{id=1}:follower:handle_append_entries_request: 61: new
2024-11-25T09:57:48.677965Z TRACE server{id=0}:follower: 42: "Append entries reply"
2024-11-25T09:57:48.678189Z TRACE server{id=2}:follower: 42: "Append entries reply"
2024-11-25T09:57:48.678342Z TRACE server{id=4}:follower:handle_append_entries_request: 61: close time.busy=7.20µs time.idle=947µs
2024-11-25T09:57:48.678808Z TRACE server{id=1}:follower:handle_append_entries_request: 61: close time.busy=7.20µs time.idle=1.01ms
2024-11-25T09:57:48.678994Z TRACE server{id=0}:follower: 55: unhandled="Append entries reply"
2024-11-25T09:57:48.679194Z TRACE server{id=2}:follower: 55: unhandled="Append entries reply"
2024-11-25T09:57:48.679924Z TRACE server{id=0}:follower: 42: "Append entries reply"
2024-11-25T09:57:48.680140Z TRACE server{id=2}:follower: 42: "Append entries reply"
2024-11-25T09:57:48.680313Z TRACE server{id=0}:follower: 55: unhandled="Append entries reply"
2024-11-25T09:57:48.680483Z TRACE server{id=2}:follower: 55: unhandled="Append entries reply"
2024-11-25T09:57:48.680703Z TRACE server{id=0}:follower: 42: "Append entries reply"
2024-11-25T09:57:48.680978Z TRACE server{id=2}:follower: 42: "Append entries reply"
2024-11-25T09:57:48.681215Z TRACE server{id=0}:follower: 55: unhandled="Append entries reply"
2024-11-25T09:57:48.681443Z TRACE server{id=2}:follower: 55: unhandled="Append entries reply"
2024-11-25T09:57:49.332505Z TRACE server{id=0}:follower: 37: election timeout
2024-11-25T09:57:49.332531Z TRACE server{id=4}:follower: 37: election timeout
2024-11-25T09:57:49.333151Z  INFO server{id=0}:follower: 64: close time.busy=4.51ms time.idle=652ms
2024-11-25T09:57:49.335003Z TRACE server{id=0}: 67: transition: follower → candidate
2024-11-25T09:57:49.334180Z  INFO server{id=4}:follower: 64: close time.busy=23.2ms time.idle=1.70s
2024-11-25T09:57:49.336412Z TRACE server{id=4}: 67: transition: follower → candidate
2024-11-25T09:57:49.335719Z  INFO server{id=0}:candidate: 69: new
2024-11-25T09:57:49.337046Z  INFO server{id=4}:candidate: 69: new
2024-11-25T09:57:49.338361Z TRACE server{id=4}:candidate: 37: starting a new election
2024-11-25T09:57:49.337668Z TRACE server{id=0}:candidate: 37: starting a new election
2024-11-25T09:57:49.339044Z TRACE server{id=3}:follower: 42: "Request vote request"
2024-11-25T09:57:49.339114Z TRACE server{id=1}:follower: 42: "Request vote request"
2024-11-25T09:57:49.339123Z TRACE server{id=2}:follower: 42: "Request vote request"
2024-11-25T09:57:49.339304Z TRACE server{id=0}:candidate: 63: "Request vote request"
2024-11-25T09:57:49.339697Z TRACE server{id=3}:follower:handle_vote_request: 154: new
2024-11-25T09:57:49.339983Z TRACE server{id=1}:follower:handle_vote_request: 154: new
2024-11-25T09:57:49.340391Z TRACE server{id=2}:follower:handle_vote_request: 154: new
2024-11-25T09:57:49.340915Z TRACE server{id=4}:candidate: 63: "Request vote request"
2024-11-25T09:57:49.341236Z TRACE server{id=3}:follower:handle_vote_request: 167: vote_granted=true
2024-11-25T09:57:49.341839Z TRACE server{id=1}:follower:handle_vote_request: 167: vote_granted=true
2024-11-25T09:57:49.342267Z TRACE server{id=2}:follower:handle_vote_request: 167: vote_granted=false
2024-11-25T09:57:49.343066Z TRACE server{id=3}:follower:handle_vote_request: 154: close time.busy=1.82ms time.idle=1.54ms
2024-11-25T09:57:49.343637Z TRACE server{id=1}:follower:handle_vote_request: 154: close time.busy=1.79ms time.idle=1.86ms
2024-11-25T09:57:49.344354Z TRACE server{id=2}:follower:handle_vote_request: 154: close time.busy=2.07ms time.idle=1.88ms
2024-11-25T09:57:49.345524Z TRACE server{id=3}:follower: 42: "Request vote request"
2024-11-25T09:57:49.346014Z TRACE server{id=1}:follower: 42: "Request vote request"
2024-11-25T09:57:49.346448Z TRACE server{id=2}:follower: 42: "Request vote request"
2024-11-25T09:57:49.346784Z TRACE server{id=3}:follower:handle_vote_request: 154: new
2024-11-25T09:57:49.347430Z TRACE server{id=3}:follower:handle_vote_request: 167: vote_granted=true
2024-11-25T09:57:49.347209Z TRACE server{id=2}:follower:handle_vote_request: 154: new
2024-11-25T09:57:49.347000Z TRACE server{id=1}:follower:handle_vote_request: 154: new
2024-11-25T09:57:49.347702Z TRACE server{id=3}:follower:handle_vote_request: 154: close time.busy=267µs time.idle=651µs
2024-11-25T09:57:49.347755Z TRACE server{id=4}:candidate: 63: "Request vote reply"
2024-11-25T09:57:49.347959Z TRACE server{id=2}:follower:handle_vote_request: 167: vote_granted=false
2024-11-25T09:57:49.348321Z TRACE server{id=1}:follower:handle_vote_request: 167: vote_granted=true
2024-11-25T09:57:49.348797Z TRACE server{id=0}:candidate: 63: "Request vote reply"
2024-11-25T09:57:49.348944Z TRACE server{id=4}:candidate: 63: "Request vote reply"
2024-11-25T09:57:49.349371Z TRACE server{id=2}:follower:handle_vote_request: 154: close time.busy=1.39ms time.idle=757µs
2024-11-25T09:57:49.349873Z TRACE server{id=1}:follower:handle_vote_request: 154: close time.busy=1.55ms time.idle=1.32ms
2024-11-25T09:57:49.350221Z TRACE server{id=0}:candidate: 63: "Request vote reply"
2024-11-25T09:57:49.350416Z TRACE server{id=4}:candidate: 63: "Request vote reply"
2024-11-25T09:57:49.351105Z TRACE server{id=0}:candidate: 63: "Request vote reply"
2024-11-25T09:57:49.933239Z TRACE server{id=4}:candidate: 58: election timeout
2024-11-25T09:57:49.933975Z TRACE server{id=4}:candidate: 37: starting a new election
2024-11-25T09:57:49.935208Z TRACE server{id=3}:follower: 42: "Request vote request"
2024-11-25T09:57:49.935977Z TRACE server{id=3}:follower:handle_vote_request: 154: new
2024-11-25T09:57:49.936704Z TRACE server{id=3}:follower:handle_vote_request: 167: vote_granted=true
2024-11-25T09:57:49.935403Z TRACE server{id=2}:follower: 42: "Request vote request"
2024-11-25T09:57:49.935224Z TRACE server{id=1}:follower: 42: "Request vote request"
2024-11-25T09:57:49.938999Z TRACE server{id=1}:follower:handle_vote_request: 154: new
2024-11-25T09:57:49.939814Z TRACE server{id=1}:follower:handle_vote_request: 167: vote_granted=true
2024-11-25T09:57:49.938197Z TRACE server{id=2}:follower:handle_vote_request: 154: new
2024-11-25T09:57:49.935305Z TRACE server{id=0}:candidate: 63: "Request vote request"
2024-11-25T09:57:49.937571Z TRACE server{id=3}:follower:handle_vote_request: 154: close time.busy=840µs time.idle=754µs
2024-11-25T09:57:49.940618Z TRACE server{id=1}:follower:handle_vote_request: 154: close time.busy=798µs time.idle=818µs
2024-11-25T09:57:49.940989Z TRACE server{id=2}:follower:handle_vote_request: 167: vote_granted=false
2024-11-25T09:57:49.941302Z  INFO server{id=0}:candidate: 69: close time.busy=11.9ms time.idle=594ms
2024-11-25T09:57:49.941832Z TRACE server{id=4}:candidate: 63: "Request vote reply"
2024-11-25T09:57:49.942502Z TRACE server{id=2}:follower:handle_vote_request: 154: close time.busy=1.51ms time.idle=2.79ms
2024-11-25T09:57:49.942882Z TRACE server{id=0}: 78: transition: candidate → follower
2024-11-25T09:57:49.943108Z TRACE server{id=4}:candidate: 63: "Request vote reply"
2024-11-25T09:57:49.943507Z  INFO server{id=0}:follower: 64: new
2024-11-25T09:57:49.943799Z TRACE server{id=4}:candidate: 63: "Request vote reply"
2024-11-25T09:57:50.112468Z  INFO client: 32: new
2024-11-25T09:57:50.113583Z  INFO client: 48: Sending entries to replicate
2024-11-25T09:57:50.114307Z TRACE server{id=0}:follower: 42: "Append entries client request"
2024-11-25T09:57:50.114878Z TRACE server{id=0}:follower:handle_append_entries_client_request: 176: new
2024-11-25T09:57:50.115438Z DEBUG server{id=0}:follower:handle_append_entries_client_request: 194: no leader to redirect the client to
2024-11-25T09:57:50.116115Z TRACE server{id=0}:follower:handle_append_entries_client_request: 176: close time.busy=682µs time.idle=556µs
2024-11-25T09:57:50.116221Z DEBUG client: 70: Interrogated server does not know who the leader is or it did not answer,
                    switching to another random node
2024-11-25T09:57:50.117900Z  INFO client: 48: Sending entries to replicate
2024-11-25T09:57:50.118271Z TRACE server{id=0}:follower: 42: "Append entries client request"
2024-11-25T09:57:50.118745Z TRACE server{id=0}:follower:handle_append_entries_client_request: 176: new
2024-11-25T09:57:50.119219Z DEBUG server{id=0}:follower:handle_append_entries_client_request: 194: no leader to redirect the client to
2024-11-25T09:57:50.119736Z DEBUG client: 70: Interrogated server does not know who the leader is or it did not answer,
                    switching to another random node
2024-11-25T09:57:50.119722Z TRACE server{id=0}:follower:handle_append_entries_client_request: 176: close time.busy=504µs time.idle=478µs
2024-11-25T09:57:50.120088Z  INFO client: 48: Sending entries to replicate
2024-11-25T09:57:50.120585Z TRACE server{id=1}:follower: 42: "Append entries client request"
2024-11-25T09:57:50.120821Z TRACE server{id=1}:follower:handle_append_entries_client_request: 176: new
2024-11-25T09:57:50.121084Z DEBUG server{id=1}:follower:handle_append_entries_client_request: 194: no leader to redirect the client to
2024-11-25T09:57:50.121418Z TRACE server{id=1}:follower:handle_append_entries_client_request: 176: close time.busy=329µs time.idle=266µs
2024-11-25T09:57:50.121438Z DEBUG client: 70: Interrogated server does not know who the leader is or it did not answer, 
                    switching to another random node
2024-11-25T09:57:50.122650Z  INFO client: 48: Sending entries to replicate
2024-11-25T09:57:50.123101Z TRACE server{id=4}:candidate: 63: "Append entries client request"
2024-11-25T09:57:50.123591Z TRACE server{id=4}:candidate: 92: unhandled="Append entries client request"
2024-11-25T09:57:50.124694Z ERROR client: 78: Channel closed, exiting
2024-11-25T09:57:50.125348Z  INFO client: 32: close time.busy=6.12ms time.idle=6.75ms
2024-11-25T09:57:50.612342Z TRACE server{id=3}:follower: 37: election timeout
2024-11-25T09:57:50.613105Z  INFO server{id=3}:follower: 64: close time.busy=40.5ms time.idle=2.96s
2024-11-25T09:57:50.614096Z TRACE server{id=3}: 67: transition: follower → candidate
2024-11-25T09:57:50.614861Z  INFO server{id=3}:candidate: 69: new
2024-11-25T09:57:50.615567Z TRACE server{id=3}:candidate: 37: starting a new election
2024-11-25T09:57:50.616367Z TRACE server{id=4}:candidate: 63: "Request vote request"
2024-11-25T09:57:50.616388Z TRACE server{id=1}:follower: 42: "Request vote request"
2024-11-25T09:57:50.616523Z TRACE server{id=2}:follower: 42: "Request vote request"
2024-11-25T09:57:50.616560Z TRACE server{id=0}:follower: 42: "Request vote request"
2024-11-25T09:57:50.617475Z TRACE server{id=1}:follower:handle_vote_request: 154: new
2024-11-25T09:57:50.618294Z TRACE server{id=2}:follower:handle_vote_request: 154: new
2024-11-25T09:57:50.618708Z TRACE server{id=0}:follower:handle_vote_request: 154: new
2024-11-25T09:57:50.620494Z TRACE server{id=0}:follower:handle_vote_request: 167: vote_granted=false
2024-11-25T09:57:50.619835Z TRACE server{id=2}:follower:handle_vote_request: 167: vote_granted=false
2024-11-25T09:57:50.619178Z TRACE server{id=1}:follower:handle_vote_request: 167: vote_granted=true
2024-11-25T09:57:50.621031Z TRACE server{id=0}:follower:handle_vote_request: 154: close time.busy=537µs time.idle=1.79ms
2024-11-25T09:57:50.621382Z TRACE server{id=2}:follower:handle_vote_request: 154: close time.busy=1.55ms time.idle=1.54ms
2024-11-25T09:57:50.621779Z TRACE server{id=1}:follower:handle_vote_request: 154: close time.busy=2.61ms time.idle=1.70ms
2024-11-25T09:57:50.622122Z TRACE server{id=3}:candidate: 63: "Request vote reply"
2024-11-25T09:57:50.623138Z TRACE server{id=3}:candidate: 63: "Request vote reply"
2024-11-25T09:57:50.623812Z TRACE server{id=3}:candidate: 63: "Request vote reply"
2024-11-25T09:57:51.135438Z TRACE server{id=4}:candidate: 58: election timeout
2024-11-25T09:57:51.136207Z TRACE server{id=4}:candidate: 37: starting a new election
2024-11-25T09:57:51.137392Z TRACE server{id=1}:follower: 42: "Request vote request"
2024-11-25T09:57:51.137402Z TRACE server{id=3}:candidate: 63: "Request vote request"
2024-11-25T09:57:51.138583Z  INFO server{id=3}:candidate: 69: close time.busy=4.31ms time.idle=519ms
2024-11-25T09:57:51.137610Z TRACE server{id=2}:follower: 42: "Request vote request"
2024-11-25T09:57:51.138056Z TRACE server{id=1}:follower:handle_vote_request: 154: new
2024-11-25T09:57:51.137455Z TRACE server{id=0}:follower: 42: "Request vote request"
2024-11-25T09:57:51.141458Z TRACE server{id=0}:follower:handle_vote_request: 154: new
2024-11-25T09:57:51.139932Z TRACE server{id=2}:follower:handle_vote_request: 154: new
2024-11-25T09:57:51.140756Z TRACE server{id=1}:follower:handle_vote_request: 167: vote_granted=true
2024-11-25T09:57:51.139175Z TRACE server{id=3}: 78: transition: candidate → follower
2024-11-25T09:57:51.142161Z TRACE server{id=0}:follower:handle_vote_request: 167: vote_granted=false
2024-11-25T09:57:51.142643Z TRACE server{id=2}:follower:handle_vote_request: 167: vote_granted=false
2024-11-25T09:57:51.143044Z TRACE server{id=1}:follower:handle_vote_request: 154: close time.busy=2.32ms time.idle=2.67ms
2024-11-25T09:57:51.143364Z  INFO server{id=3}:follower: 64: new
2024-11-25T09:57:51.143704Z TRACE server{id=0}:follower:handle_vote_request: 154: close time.busy=1.55ms time.idle=701µs
2024-11-25T09:57:51.143951Z TRACE server{id=2}:follower:handle_vote_request: 154: close time.busy=1.31ms time.idle=2.71ms
2024-11-25T09:57:51.144245Z TRACE server{id=4}:candidate: 63: "Request vote reply"
2024-11-25T09:57:51.145436Z TRACE server{id=4}:candidate: 63: "Request vote reply"
2024-11-25T09:57:51.145839Z TRACE server{id=4}:candidate: 63: "Request vote reply"
2024-11-25T09:57:51.751857Z TRACE server{id=3}:follower: 37: election timeout
2024-11-25T09:57:51.751879Z TRACE server{id=0}:follower: 37: election timeout
2024-11-25T09:57:51.752547Z  INFO server{id=3}:follower: 64: close time.busy=719µs time.idle=608ms
2024-11-25T09:57:51.753626Z  INFO server{id=0}:follower: 64: close time.busy=19.4ms time.idle=1.79s
2024-11-25T09:57:51.755145Z TRACE server{id=0}: 67: transition: follower → candidate
2024-11-25T09:57:51.755822Z  INFO server{id=0}:candidate: 69: new
2024-11-25T09:57:51.756618Z TRACE server{id=0}:candidate: 37: starting a new election
2024-11-25T09:57:51.754258Z TRACE server{id=3}: 67: transition: follower → candidate
2024-11-25T09:57:51.758015Z  INFO server{id=3}:candidate: 69: new
2024-11-25T09:57:51.758552Z TRACE server{id=3}:candidate: 37: starting a new election
2024-11-25T09:57:51.757542Z TRACE server{id=2}:follower: 42: "Request vote request"
2024-11-25T09:57:51.757393Z TRACE server{id=4}:candidate: 63: "Request vote request"
2024-11-25T09:57:51.757462Z TRACE server{id=1}:follower: 42: "Request vote request"
2024-11-25T09:57:51.759204Z TRACE server{id=3}:candidate: 63: "Request vote request"
2024-11-25T09:57:51.759618Z TRACE server{id=2}:follower:handle_vote_request: 154: new
2024-11-25T09:57:51.759976Z TRACE server{id=4}:candidate: 63: "Request vote request"
2024-11-25T09:57:51.760413Z TRACE server{id=1}:follower:handle_vote_request: 154: new
2024-11-25T09:57:51.760962Z TRACE server{id=0}:candidate: 63: "Request vote request"
2024-11-25T09:57:51.761169Z TRACE server{id=2}:follower:handle_vote_request: 167: vote_granted=false
2024-11-25T09:57:51.761458Z  INFO server{id=4}:candidate: 69: close time.busy=21.0ms time.idle=2.40s
2024-11-25T09:57:51.761788Z TRACE server{id=1}:follower:handle_vote_request: 167: vote_granted=true
2024-11-25T09:57:51.762160Z  INFO server{id=0}:candidate: 69: close time.busy=1.95ms time.idle=4.38ms
2024-11-25T09:57:51.762527Z TRACE server{id=2}:follower:handle_vote_request: 154: close time.busy=1.35ms time.idle=1.56ms
2024-11-25T09:57:51.763154Z TRACE server{id=4}: 78: transition: candidate → follower
2024-11-25T09:57:51.763696Z TRACE server{id=1}:follower:handle_vote_request: 154: close time.busy=1.90ms time.idle=1.38ms
2024-11-25T09:57:51.764634Z TRACE server{id=0}: 78: transition: candidate → follower
2024-11-25T09:57:51.765539Z TRACE server{id=2}:follower: 42: "Request vote request"
2024-11-25T09:57:51.766128Z  INFO server{id=4}:follower: 64: new
2024-11-25T09:57:51.766648Z TRACE server{id=1}:follower: 42: "Request vote request"
2024-11-25T09:57:51.766886Z  INFO server{id=0}:follower: 64: new
2024-11-25T09:57:51.767103Z TRACE server{id=2}:follower:handle_vote_request: 154: new
2024-11-25T09:57:51.767590Z TRACE server{id=1}:follower:handle_vote_request: 154: new
2024-11-25T09:57:51.767836Z TRACE server{id=0}:follower: 42: "Request vote reply"
2024-11-25T09:57:51.768049Z TRACE server{id=2}:follower:handle_vote_request: 167: vote_granted=false
2024-11-25T09:57:51.768255Z TRACE server{id=1}:follower:handle_vote_request: 167: vote_granted=true
2024-11-25T09:57:51.768431Z TRACE server{id=0}:follower: 55: unhandled="Request vote reply"
2024-11-25T09:57:51.768668Z TRACE server{id=2}:follower:handle_vote_request: 154: close time.busy=619µs time.idle=948µs
2024-11-25T09:57:51.768887Z TRACE server{id=1}:follower:handle_vote_request: 154: close time.busy=632µs time.idle=698µs
2024-11-25T09:57:51.769103Z TRACE server{id=0}:follower: 42: "Request vote reply"
2024-11-25T09:57:51.769387Z TRACE server{id=3}:candidate: 63: "Request vote reply"
2024-11-25T09:57:51.769757Z TRACE server{id=0}:follower: 55: unhandled="Request vote reply"
2024-11-25T09:57:51.770064Z TRACE server{id=3}:candidate: 63: "Request vote reply"
2024-11-25T09:57:52.335670Z TRACE server{id=3}:candidate: 58: election timeout
2024-11-25T09:57:52.336565Z TRACE server{id=3}:candidate: 37: starting a new election
2024-11-25T09:57:52.337323Z TRACE server{id=4}:follower: 42: "Request vote request"
2024-11-25T09:57:52.337342Z TRACE server{id=1}:follower: 42: "Request vote request"
2024-11-25T09:57:52.337384Z TRACE server{id=2}:follower: 42: "Request vote request"
2024-11-25T09:57:52.337517Z TRACE server{id=0}:follower: 42: "Request vote request"
2024-11-25T09:57:52.337933Z TRACE server{id=4}:follower:handle_vote_request: 154: new
2024-11-25T09:57:52.341025Z TRACE server{id=4}:follower:handle_vote_request: 167: vote_granted=false
2024-11-25T09:57:52.339468Z TRACE server{id=2}:follower:handle_vote_request: 154: new
2024-11-25T09:57:52.340250Z TRACE server{id=0}:follower:handle_vote_request: 154: new
2024-11-25T09:57:52.338765Z TRACE server{id=1}:follower:handle_vote_request: 154: new
2024-11-25T09:57:52.343509Z TRACE server{id=1}:follower:handle_vote_request: 167: vote_granted=true
2024-11-25T09:57:52.342501Z TRACE server{id=2}:follower:handle_vote_request: 167: vote_granted=false
2024-11-25T09:57:52.343097Z TRACE server{id=0}:follower:handle_vote_request: 167: vote_granted=false
2024-11-25T09:57:52.341835Z TRACE server{id=4}:follower:handle_vote_request: 154: close time.busy=809µs time.idle=3.12ms
2024-11-25T09:57:52.343923Z TRACE server{id=1}:follower:handle_vote_request: 154: close time.busy=414µs time.idle=4.74ms
2024-11-25T09:57:52.344646Z TRACE server{id=2}:follower:handle_vote_request: 154: close time.busy=2.14ms time.idle=3.07ms
2024-11-25T09:57:52.345037Z TRACE server{id=0}:follower:handle_vote_request: 154: close time.busy=1.94ms time.idle=2.85ms
2024-11-25T09:57:52.345373Z TRACE server{id=3}:candidate: 63: "Request vote reply"
2024-11-25T09:57:52.346375Z TRACE server{id=3}:candidate: 63: "Request vote reply"
2024-11-25T09:57:52.346613Z TRACE server{id=3}:candidate: 63: "Request vote reply"
2024-11-25T09:57:52.346826Z TRACE server{id=3}:candidate: 63: "Request vote reply"
2024-11-25T09:57:52.864141Z TRACE server{id=3}:candidate: 58: election timeout
2024-11-25T09:57:52.864997Z TRACE server{id=3}:candidate: 37: starting a new election
2024-11-25T09:57:52.865945Z TRACE server{id=4}:follower: 42: "Request vote request"
2024-11-25T09:57:52.866332Z TRACE server{id=4}:follower:handle_vote_request: 154: new
2024-11-25T09:57:52.866892Z TRACE server{id=4}:follower:handle_vote_request: 167: vote_granted=false
2024-11-25T09:57:52.867536Z TRACE server{id=4}:follower:handle_vote_request: 154: close time.busy=613µs time.idle=564µs
2024-11-25T09:57:52.865968Z TRACE server{id=1}:follower: 42: "Request vote request"
2024-11-25T09:57:52.866022Z TRACE server{id=2}:follower: 42: "Request vote request"
2024-11-25T09:57:52.866031Z TRACE server{id=0}:follower: 42: "Request vote request"
2024-11-25T09:57:52.868266Z TRACE server{id=3}:candidate: 63: "Request vote reply"
2024-11-25T09:57:52.868937Z TRACE server{id=1}:follower:handle_vote_request: 154: new
2024-11-25T09:57:52.869542Z TRACE server{id=2}:follower:handle_vote_request: 154: new
2024-11-25T09:57:52.870234Z TRACE server{id=0}:follower:handle_vote_request: 154: new
2024-11-25T09:57:52.870861Z TRACE server{id=1}:follower:handle_vote_request: 167: vote_granted=true
2024-11-25T09:57:52.871075Z TRACE server{id=2}:follower:handle_vote_request: 167: vote_granted=false
2024-11-25T09:57:52.871261Z TRACE server{id=0}:follower:handle_vote_request: 167: vote_granted=false
2024-11-25T09:57:52.871531Z TRACE server{id=1}:follower:handle_vote_request: 154: close time.busy=670µs time.idle=1.92ms
2024-11-25T09:57:52.871786Z TRACE server{id=2}:follower:handle_vote_request: 154: close time.busy=710µs time.idle=1.54ms
2024-11-25T09:57:52.871994Z TRACE server{id=0}:follower:handle_vote_request: 154: close time.busy=730µs time.idle=1.03ms
2024-11-25T09:57:52.872325Z TRACE server{id=3}:candidate: 63: "Request vote reply"
2024-11-25T09:57:52.872993Z TRACE server{id=3}:candidate: 63: "Request vote reply"
2024-11-25T09:57:52.873193Z TRACE server{id=3}:candidate: 63: "Request vote reply"
2024-11-25T09:57:53.452991Z TRACE server{id=3}:candidate: 58: election timeout
2024-11-25T09:57:53.453745Z TRACE server{id=3}:candidate: 37: starting a new election
2024-11-25T09:57:53.454895Z TRACE server{id=1}:follower: 42: "Request vote request"
2024-11-25T09:57:53.454893Z TRACE server{id=4}:follower: 42: "Request vote request"
2024-11-25T09:57:53.454951Z TRACE server{id=0}:follower: 42: "Request vote request"
2024-11-25T09:57:53.454948Z TRACE server{id=2}:follower: 42: "Request vote request"
2024-11-25T09:57:53.455449Z TRACE server{id=1}:follower:handle_vote_request: 154: new
2024-11-25T09:57:53.456021Z TRACE server{id=4}:follower:handle_vote_request: 154: new
2024-11-25T09:57:53.456723Z TRACE server{id=0}:follower:handle_vote_request: 154: new
2024-11-25T09:57:53.459442Z TRACE server{id=0}:follower:handle_vote_request: 167: vote_granted=false
2024-11-25T09:57:53.458010Z TRACE server{id=1}:follower:handle_vote_request: 167: vote_granted=true
2024-11-25T09:57:53.458727Z TRACE server{id=4}:follower:handle_vote_request: 167: vote_granted=false
2024-11-25T09:57:53.457381Z TRACE server{id=2}:follower:handle_vote_request: 154: new
2024-11-25T09:57:53.459849Z TRACE server{id=0}:follower:handle_vote_request: 154: close time.busy=403µs time.idle=2.72ms
2024-11-25T09:57:53.460220Z TRACE server{id=1}:follower:handle_vote_request: 154: close time.busy=2.21ms time.idle=2.56ms
2024-11-25T09:57:53.460549Z TRACE server{id=4}:follower:handle_vote_request: 154: close time.busy=1.82ms time.idle=2.74ms
2024-11-25T09:57:53.460979Z TRACE server{id=2}:follower:handle_vote_request: 167: vote_granted=false
2024-11-25T09:57:53.461356Z TRACE server{id=3}:candidate: 63: "Request vote reply"
2024-11-25T09:57:53.462081Z TRACE server{id=2}:follower:handle_vote_request: 154: close time.busy=1.10ms time.idle=3.60ms
2024-11-25T09:57:53.462271Z TRACE server{id=3}:candidate: 63: "Request vote reply"
2024-11-25T09:57:53.462960Z TRACE server{id=3}:candidate: 63: "Request vote reply"
2024-11-25T09:57:53.463397Z TRACE server{id=3}:candidate: 63: "Request vote reply"